s
2017-03-16 15:26:39.824 [main] INFO  com.excilys.persistence.java.ConnectionDB - ConnectionDB instantiated
2017-03-16 15:26:41.239 [main] INFO  com.excilys.persistence.java.ComputerDAO - Computers selected 
2017-03-16 15:26:41.241 [main] INFO  com.excilys.persistence.java.CompanyDAO - Company 0 selected
2017-03-16 15:26:41.244 [main] INFO  com.excilys.persistence.java.CompanyDAO - Company 0 selected
2017-03-16 15:26:41.244 [main] INFO  com.excilys.persistence.java.CompanyDAO - Company 0 selected
2017-03-16 15:26:41.245 [main] INFO  com.excilys.persistence.java.CompanyDAO - Company 0 selected
2017-03-16 15:26:41.245 [main] INFO  com.excilys.persistence.java.CompanyDAO - Company 0 selected
2017-03-16 15:26:41.246 [main] INFO  com.excilys.persistence.java.CompanyDAO - Company 0 selected
2017-03-16 15:26:41.246 [main] INFO  com.excilys.persistence.java.CompanyDAO - Company 0 selected
2017-03-16 15:26:41.247 [main] INFO  com.excilys.persistence.java.CompanyDAO - Company 0 selected
2017-03-16 15:26:41.248 [main] INFO  com.excilys.persistence.java.CompanyDAO - Company 0 selected
2017-03-16 15:26:41.252 [main] INFO  com.excilys.persistence.java.CompanyDAO - Company 0 selected
2017-03-16 15:26:42.950 [main] INFO  com.excilys.persistence.java.ComputerDAO - Computers selected 
2017-03-16 15:26:42.951 [main] INFO  com.excilys.persistence.java.CompanyDAO - Company 0 selected
2017-03-16 15:26:42.951 [main] INFO  com.excilys.persistence.java.CompanyDAO - Company 0 selected
2017-03-16 15:26:42.953 [main] INFO  com.excilys.persistence.java.CompanyDAO - Company 0 selected
2017-03-16 15:26:42.954 [main] INFO  com.excilys.persistence.java.CompanyDAO - Company 0 selected
2017-03-16 15:26:42.954 [main] INFO  com.excilys.persistence.java.CompanyDAO - Company 0 selected
2017-03-16 15:26:42.955 [main] INFO  com.excilys.persistence.java.CompanyDAO - Company 0 selected
2017-03-16 15:26:42.955 [main] INFO  com.excilys.persistence.java.CompanyDAO - Company 0 selected
2017-03-16 15:26:42.956 [main] INFO  com.excilys.persistence.java.CompanyDAO - Company 0 selected
2017-03-16 15:26:42.957 [main] INFO  com.excilys.persistence.java.CompanyDAO - Company 0 selected
2017-03-16 15:26:42.957 [main] INFO  com.excilys.persistence.java.CompanyDAO - Company 0 selected
2017-03-16 15:26:44.878 [main] INFO  com.excilys.persistence.java.ComputerDAO - Computers selected 
2017-03-16 15:26:44.879 [main] INFO  com.excilys.persistence.java.CompanyDAO - Company 0 selected
2017-03-16 15:26:44.880 [main] INFO  com.excilys.persistence.java.CompanyDAO - Company 0 selected
2017-03-16 15:26:44.880 [main] INFO  com.excilys.persistence.java.CompanyDAO - Company 0 selected
2017-03-16 15:26:44.881 [main] INFO  com.excilys.persistence.java.CompanyDAO - Company 0 selected
2017-03-16 15:26:44.882 [main] INFO  com.excilys.persistence.java.CompanyDAO - Company 0 selected
2017-03-16 15:26:44.882 [main] INFO  com.excilys.persistence.java.CompanyDAO - Company 0 selected
2017-03-16 15:26:44.883 [main] INFO  com.excilys.persistence.java.CompanyDAO - Company 0 selected
2017-03-16 15:26:44.883 [main] INFO  com.excilys.persistence.java.CompanyDAO - Company 0 selected
2017-03-16 15:26:44.883 [main] INFO  com.excilys.persistence.java.CompanyDAO - Company 0 selected
2017-03-16 15:26:44.884 [main] INFO  com.excilys.persistence.java.CompanyDAO - Company 0 selected
2017-03-16 15:27:44.998 [main] INFO  com.excilys.persistence.java.ConnectionDB - ConnectionDB instantiated
2017-03-16 15:27:46.376 [main] INFO  com.excilys.persistence.java.ComputerDAO - Computers selected 
2017-03-16 15:27:46.378 [main] INFO  com.excilys.persistence.java.CompanyDAO - Company 0 selected
2017-03-16 15:27:46.379 [main] INFO  com.excilys.persistence.java.CompanyDAO - Company 0 selected
2017-03-16 15:27:46.379 [main] INFO  com.excilys.persistence.java.CompanyDAO - Company 0 selected
2017-03-16 15:27:46.380 [main] INFO  com.excilys.persistence.java.CompanyDAO - Company 0 selected
2017-03-16 15:27:46.380 [main] INFO  com.excilys.persistence.java.CompanyDAO - Company 0 selected
2017-03-16 15:27:46.381 [main] INFO  com.excilys.persistence.java.CompanyDAO - Company 0 selected
2017-03-16 15:27:46.381 [main] INFO  com.excilys.persistence.java.CompanyDAO - Company 0 selected
2017-03-16 15:27:46.382 [main] INFO  com.excilys.persistence.java.CompanyDAO - Company 0 selected
2017-03-16 15:27:46.382 [main] INFO  com.excilys.persistence.java.CompanyDAO - Company 0 selected
2017-03-16 15:27:46.387 [main] INFO  com.excilys.persistence.java.CompanyDAO - Company 0 selected
2017-03-16 15:28:00.622 [main] INFO  com.excilys.persistence.java.ComputerDAO - Computers selected 
2017-03-16 15:28:00.623 [main] INFO  com.excilys.persistence.java.CompanyDAO - Company 0 selected
2017-03-16 15:28:00.623 [main] INFO  com.excilys.persistence.java.CompanyDAO - Company 0 selected
2017-03-16 15:28:00.625 [main] INFO  com.excilys.persistence.java.CompanyDAO - Company 0 selected
2017-03-16 15:28:00.625 [main] INFO  com.excilys.persistence.java.CompanyDAO - Company 0 selected
2017-03-16 15:28:00.626 [main] INFO  com.excilys.persistence.java.CompanyDAO - Company 0 selected
2017-03-16 15:28:00.626 [main] INFO  com.excilys.persistence.java.CompanyDAO - Company 0 selected
2017-03-16 15:28:00.627 [main] INFO  com.excilys.persistence.java.CompanyDAO - Company 0 selected
2017-03-16 15:28:00.627 [main] INFO  com.excilys.persistence.java.CompanyDAO - Company 0 selected
2017-03-16 15:28:00.628 [main] INFO  com.excilys.persistence.java.CompanyDAO - Company 0 selected
2017-03-16 15:28:00.628 [main] INFO  com.excilys.persistence.java.CompanyDAO - Company 0 selected
2017-03-16 15:28:02.318 [main] INFO  com.excilys.persistence.java.ComputerDAO - Computers selected 
2017-03-16 15:28:02.319 [main] INFO  com.excilys.persistence.java.CompanyDAO - Company 0 selected
2017-03-16 15:28:02.319 [main] INFO  com.excilys.persistence.java.CompanyDAO - Company 0 selected
2017-03-16 15:28:02.320 [main] INFO  com.excilys.persistence.java.CompanyDAO - Company 0 selected
2017-03-16 15:28:02.321 [main] INFO  com.excilys.persistence.java.CompanyDAO - Company 0 selected
2017-03-16 15:28:02.321 [main] INFO  com.excilys.persistence.java.CompanyDAO - Company 0 selected
2017-03-16 15:28:02.322 [main] INFO  com.excilys.persistence.java.CompanyDAO - Company 0 selected
2017-03-16 15:28:02.322 [main] INFO  com.excilys.persistence.java.CompanyDAO - Company 0 selected
2017-03-16 15:28:02.323 [main] INFO  com.excilys.persistence.java.CompanyDAO - Company 0 selected
2017-03-16 15:28:02.323 [main] INFO  com.excilys.persistence.java.CompanyDAO - Company 0 selected
2017-03-16 15:28:02.324 [main] INFO  com.excilys.persistence.java.CompanyDAO - Company 0 selected
2017-03-16 15:29:04.399 [main] INFO  com.excilys.persistence.java.ConnectionDB - ConnectionDB instantiated
2017-03-16 15:29:06.736 [main] INFO  com.excilys.persistence.java.ComputerDAO - Computers selected 
2017-03-16 15:29:06.739 [main] INFO  com.excilys.persistence.java.CompanyDAO - Company 0 selected
2017-03-16 15:29:06.740 [main] INFO  com.excilys.persistence.java.CompanyDAO - Company 0 selected
2017-03-16 15:29:06.741 [main] INFO  com.excilys.persistence.java.CompanyDAO - Company 0 selected
2017-03-16 15:29:06.741 [main] INFO  com.excilys.persistence.java.CompanyDAO - Company 0 selected
2017-03-16 15:29:06.742 [main] INFO  com.excilys.persistence.java.CompanyDAO - Company 0 selected
2017-03-16 15:29:06.742 [main] INFO  com.excilys.persistence.java.CompanyDAO - Company 0 selected
2017-03-16 15:29:06.743 [main] INFO  com.excilys.persistence.java.CompanyDAO - Company 0 selected
2017-03-16 15:29:06.743 [main] INFO  com.excilys.persistence.java.CompanyDAO - Company 0 selected
2017-03-16 15:29:06.744 [main] INFO  com.excilys.persistence.java.CompanyDAO - Company 0 selected
2017-03-16 15:29:06.749 [main] INFO  com.excilys.persistence.java.CompanyDAO - Company 0 selected
2017-03-16 15:29:09.102 [main] INFO  com.excilys.persistence.java.ComputerDAO - Computers selected 
2017-03-16 15:29:09.102 [main] INFO  com.excilys.persistence.java.CompanyDAO - Company 0 selected
2017-03-16 15:29:09.103 [main] INFO  com.excilys.persistence.java.CompanyDAO - Company 0 selected
2017-03-16 15:29:09.104 [main] INFO  com.excilys.persistence.java.CompanyDAO - Company 0 selected
2017-03-16 15:29:09.105 [main] INFO  com.excilys.persistence.java.CompanyDAO - Company 0 selected
2017-03-16 15:29:09.105 [main] INFO  com.excilys.persistence.java.CompanyDAO - Company 0 selected
2017-03-16 15:29:09.106 [main] INFO  com.excilys.persistence.java.CompanyDAO - Company 0 selected
2017-03-16 15:29:09.106 [main] INFO  com.excilys.persistence.java.CompanyDAO - Company 0 selected
2017-03-16 15:29:09.107 [main] INFO  com.excilys.persistence.java.CompanyDAO - Company 0 selected
2017-03-16 15:29:09.107 [main] INFO  com.excilys.persistence.java.CompanyDAO - Company 0 selected
2017-03-16 15:29:09.108 [main] INFO  com.excilys.persistence.java.CompanyDAO - Company 0 selected
2017-03-16 15:29:10.878 [main] INFO  com.excilys.persistence.java.ComputerDAO - Computers selected 
2017-03-16 15:29:10.879 [main] INFO  com.excilys.persistence.java.CompanyDAO - Company 0 selected
2017-03-16 15:29:10.879 [main] INFO  com.excilys.persistence.java.CompanyDAO - Company 0 selected
2017-03-16 15:29:10.880 [main] INFO  com.excilys.persistence.java.CompanyDAO - Company 0 selected
2017-03-16 15:29:10.880 [main] INFO  com.excilys.persistence.java.CompanyDAO - Company 0 selected
2017-03-16 15:29:10.880 [main] INFO  com.excilys.persistence.java.CompanyDAO - Company 0 selected
2017-03-16 15:29:10.881 [main] INFO  com.excilys.persistence.java.CompanyDAO - Company 0 selected
2017-03-16 15:29:10.881 [main] INFO  com.excilys.persistence.java.CompanyDAO - Company 0 selected
2017-03-16 15:29:10.882 [main] INFO  com.excilys.persistence.java.CompanyDAO - Company 0 selected
2017-03-16 15:29:10.882 [main] INFO  com.excilys.persistence.java.CompanyDAO - Company 0 selected
2017-03-16 15:29:10.883 [main] INFO  com.excilys.persistence.java.CompanyDAO - Company 0 selected
2017-03-16 15:42:01.129 [main] INFO  com.excilys.persistence.java.ConnectionDB - ConnectionDB instantiated
2017-03-16 15:42:01.138 [main] INFO  com.excilys.persistence.java.CompanyDAO - Companies selected
2017-03-16 15:42:08.423 [main] ERROR com.excilys.persistence.java.ComputerDAO - Computers not found 
2017-03-16 15:42:16.827 [main] INFO  com.excilys.persistence.java.ComputerDAO - Computers selected 
2017-03-16 15:42:16.828 [main] INFO  com.excilys.persistence.java.CompanyDAO - Company 0 selected
2017-03-16 15:42:16.829 [main] INFO  com.excilys.persistence.java.CompanyDAO - Company 0 selected
2017-03-16 15:42:16.830 [main] INFO  com.excilys.persistence.java.CompanyDAO - Company 0 selected
2017-03-16 15:42:16.830 [main] INFO  com.excilys.persistence.java.CompanyDAO - Company 0 selected
2017-03-16 15:42:16.831 [main] INFO  com.excilys.persistence.java.CompanyDAO - Company 0 selected
2017-03-16 15:42:16.831 [main] INFO  com.excilys.persistence.java.CompanyDAO - Company 0 selected
2017-03-16 15:42:16.832 [main] INFO  com.excilys.persistence.java.CompanyDAO - Company 0 selected
2017-03-16 15:42:16.837 [main] INFO  com.excilys.persistence.java.CompanyDAO - Company 0 selected
2017-03-16 15:42:16.838 [main] INFO  com.excilys.persistence.java.CompanyDAO - Company 0 selected
2017-03-16 15:42:16.838 [main] INFO  com.excilys.persistence.java.CompanyDAO - Company 0 selected
2017-03-16 15:42:29.245 [main] ERROR com.excilys.persistence.java.ComputerDAO - Computer not found 
2017-03-16 15:42:34.302 [main] INFO  com.excilys.persistence.java.ComputerDAO - Computer 574 selected 
2017-03-16 15:42:34.303 [main] INFO  com.excilys.persistence.java.CompanyDAO - Company 1 selected
2017-03-16 15:42:47.602 [main] INFO  com.excilys.persistence.java.ComputerDAO - Computer 657 created
2017-03-16 15:43:17.421 [main] INFO  com.excilys.persistence.java.ComputerDAO - Computer 657 selected 
2017-03-16 15:43:17.422 [main] INFO  com.excilys.persistence.java.CompanyDAO - Company 44 selected
2017-03-16 15:43:29.029 [main] INFO  com.excilys.persistence.java.ComputerDAO - Computer 657 selected 
2017-03-16 15:43:29.030 [main] INFO  com.excilys.persistence.java.CompanyDAO - Company 44 selected
2017-03-16 15:43:39.261 [main] INFO  com.excilys.persistence.java.ComputerDAO - Computer 657 selected 
2017-03-16 15:43:39.262 [main] INFO  com.excilys.persistence.java.CompanyDAO - Company 44 selected
2017-03-16 15:43:43.029 [main] INFO  com.excilys.persistence.java.ComputerDAO - Computer 657 selected 
2017-03-16 15:43:43.038 [main] INFO  com.excilys.persistence.java.ComputerDAO - Computer 657 updated 
2017-03-16 15:43:53.966 [main] INFO  com.excilys.persistence.java.ComputerDAO - Computer 657 selected 
2017-03-16 15:43:53.967 [main] INFO  com.excilys.persistence.java.CompanyDAO - Company 44 selected
2017-03-16 15:44:01.861 [main] INFO  com.excilys.persistence.java.ComputerDAO - Computer 657 selected 
2017-03-16 15:44:01.866 [main] INFO  com.excilys.persistence.java.ComputerDAO - Computer 657 deleted
2017-03-16 17:05:31.640 [main] ERROR com.excilys.formation.persistence.ConnectionDB - ConnectionDB can not be instantiated 
2017-03-16 17:13:12.503 [main] INFO  com.excilys.formation.persistence.ConnectionDB - ConnectionDB instantiated
2017-03-16 17:13:12.509 [main] INFO  com.excilys.formation.persistence.CompanyDAO - Companies selected
2017-03-16 17:13:16.767 [main] INFO  com.excilys.formation.persistence.ComputerDAO - Computers selected 
2017-03-16 17:13:16.769 [main] INFO  com.excilys.formation.persistence.CompanyDAO - Company 0 selected
2017-03-16 17:13:16.770 [main] INFO  com.excilys.formation.persistence.CompanyDAO - Company 0 selected
2017-03-16 17:13:16.770 [main] INFO  com.excilys.formation.persistence.CompanyDAO - Company 0 selected
2017-03-16 17:13:16.771 [main] INFO  com.excilys.formation.persistence.CompanyDAO - Company 0 selected
2017-03-16 17:13:16.771 [main] INFO  com.excilys.formation.persistence.CompanyDAO - Company 0 selected
2017-03-16 17:13:16.772 [main] INFO  com.excilys.formation.persistence.CompanyDAO - Company 0 selected
2017-03-16 17:13:16.772 [main] INFO  com.excilys.formation.persistence.CompanyDAO - Company 0 selected
2017-03-16 17:13:16.773 [main] INFO  com.excilys.formation.persistence.CompanyDAO - Company 0 selected
2017-03-16 17:13:16.778 [main] INFO  com.excilys.formation.persistence.CompanyDAO - Company 0 selected
2017-03-16 17:13:16.779 [main] INFO  com.excilys.formation.persistence.CompanyDAO - Company 0 selected
2017-03-16 17:13:34.752 [main] INFO  com.excilys.formation.persistence.ComputerDAO - Computer 574 selected 
2017-03-16 17:13:34.752 [main] INFO  com.excilys.formation.persistence.CompanyDAO - Company 1 selected
2017-03-16 17:13:40.579 [main] INFO  com.excilys.formation.persistence.ComputerDAO - Computer 298 selected 
2017-03-16 17:13:40.580 [main] INFO  com.excilys.formation.persistence.CompanyDAO - Company 1 selected
2017-03-17 09:47:45.759 [main] INFO  com.excilys.formation.persistence.ConnectionDB - ConnectionDB instantiated
2017-03-17 09:47:45.767 [main] INFO  com.excilys.formation.persistence.CompanyDAO - Companies selected
2017-03-17 09:47:51.206 [main] INFO  com.excilys.formation.persistence.ComputerDAO - Computers selected 
2017-03-17 09:47:51.207 [main] INFO  com.excilys.formation.persistence.CompanyDAO - Company 44 selected
2017-03-17 09:47:51.209 [main] INFO  com.excilys.formation.persistence.CompanyDAO - Company 44 selected
2017-03-17 09:48:07.420 [main] INFO  com.excilys.formation.persistence.ComputerDAO - Computers selected 
2017-03-17 09:48:07.421 [main] INFO  com.excilys.formation.persistence.CompanyDAO - Company 41 selected
2017-03-17 09:48:07.421 [main] INFO  com.excilys.formation.persistence.CompanyDAO - Company 42 selected
2017-03-17 09:48:07.427 [main] INFO  com.excilys.formation.persistence.CompanyDAO - Company 42 selected
2017-03-17 09:48:07.427 [main] INFO  com.excilys.formation.persistence.CompanyDAO - Company 43 selected
2017-03-17 09:48:07.428 [main] INFO  com.excilys.formation.persistence.CompanyDAO - Company 44 selected
2017-03-17 09:48:07.428 [main] INFO  com.excilys.formation.persistence.CompanyDAO - Company 44 selected
2017-03-17 09:48:07.429 [main] INFO  com.excilys.formation.persistence.CompanyDAO - Company 44 selected
2017-03-17 09:48:07.429 [main] INFO  com.excilys.formation.persistence.CompanyDAO - Company 44 selected
2017-03-17 09:48:07.430 [main] INFO  com.excilys.formation.persistence.CompanyDAO - Company 44 selected
2017-03-17 09:48:07.431 [main] INFO  com.excilys.formation.persistence.CompanyDAO - Company 44 selected
2017-03-17 09:50:27.348 [main] INFO  com.excilys.formation.persistence.ConnectionDB - ConnectionDB instantiated
2017-03-17 09:50:27.359 [main] INFO  com.excilys.formation.persistence.CompanyDAO - Companies selected
2017-03-17 09:52:00.543 [main] INFO  com.excilys.formation.persistence.ComputerDAO - Computer 298 selected 
2017-03-17 09:52:00.546 [main] INFO  com.excilys.formation.persistence.CompanyDAO - Company 1 selected
2017-03-17 09:52:14.516 [main] INFO  com.excilys.formation.persistence.ComputerDAO - Computers selected 
2017-03-17 09:52:14.517 [main] INFO  com.excilys.formation.persistence.CompanyDAO - Company 27 selected
2017-03-17 09:52:14.518 [main] INFO  com.excilys.formation.persistence.CompanyDAO - Company 27 selected
2017-03-17 09:52:14.519 [main] INFO  com.excilys.formation.persistence.CompanyDAO - Company 28 selected
2017-03-17 09:52:14.524 [main] INFO  com.excilys.formation.persistence.CompanyDAO - Company 29 selected
2017-03-17 09:52:14.525 [main] INFO  com.excilys.formation.persistence.CompanyDAO - Company 30 selected
2017-03-17 09:52:14.525 [main] INFO  com.excilys.formation.persistence.CompanyDAO - Company 31 selected
2017-03-17 09:52:14.526 [main] INFO  com.excilys.formation.persistence.CompanyDAO - Company 31 selected
2017-03-17 09:52:14.527 [main] INFO  com.excilys.formation.persistence.CompanyDAO - Company 32 selected
2017-03-17 09:52:14.528 [main] INFO  com.excilys.formation.persistence.CompanyDAO - Company 33 selected
2017-03-17 09:52:14.528 [main] INFO  com.excilys.formation.persistence.CompanyDAO - Company 33 selected
2017-03-17 10:02:34.877 [main] INFO  com.excilys.formation.persistence.ConnectionDB - ConnectionDB instantiated
2017-03-17 10:02:34.899 [main] INFO  com.excilys.formation.persistence.CompanyDAO - Company 1 selected
2017-03-17 10:02:34.900 [main] INFO  com.excilys.formation.persistence.CompanyDAO - Company 1 selected
2017-03-17 10:02:34.903 [main] INFO  com.excilys.formation.persistence.CompanyDAO - Companies selected
2017-03-17 10:03:02.765 [main] INFO  com.excilys.formation.persistence.ConnectionDB - ConnectionDB instantiated
2017-03-17 10:03:02.783 [main] INFO  com.excilys.formation.persistence.CompanyDAO - Company 1 selected
2017-03-17 10:03:02.784 [main] INFO  com.excilys.formation.persistence.CompanyDAO - Company 1 selected
2017-03-17 10:03:02.787 [main] INFO  com.excilys.formation.persistence.CompanyDAO - Companies selected
2017-03-17 10:03:19.023 [main] INFO  com.excilys.formation.persistence.ConnectionDB - ConnectionDB instantiated
2017-03-17 10:03:19.035 [main] INFO  com.excilys.formation.persistence.CompanyDAO - Companies selected
2017-03-17 10:03:19.047 [main] INFO  com.excilys.formation.persistence.CompanyDAO - Company 1 selected
2017-03-17 10:03:19.048 [main] INFO  com.excilys.formation.persistence.CompanyDAO - Company 1 selected
2017-03-17 10:03:26.072 [main] INFO  com.excilys.formation.persistence.ConnectionDB - ConnectionDB instantiated
2017-03-17 10:03:26.080 [main] INFO  com.excilys.formation.persistence.CompanyDAO - Companies selected
2017-03-17 10:08:53.187 [main] INFO  com.excilys.formation.persistence.CompanyDAO - Companies selected
2017-03-17 10:08:58.456 [main] INFO  com.excilys.formation.persistence.ComputerDAO - Computers selected 
2017-03-17 10:09:01.985 [main] INFO  com.excilys.formation.persistence.ComputerDAO - Computers selected 
2017-03-17 10:09:01.987 [main] INFO  com.excilys.formation.persistence.CompanyDAO - Company 41 selected
2017-03-17 10:09:01.989 [main] INFO  com.excilys.formation.persistence.CompanyDAO - Company 42 selected
2017-03-17 10:09:01.990 [main] INFO  com.excilys.formation.persistence.CompanyDAO - Company 42 selected
2017-03-17 10:09:01.995 [main] INFO  com.excilys.formation.persistence.CompanyDAO - Company 43 selected
2017-03-17 10:09:24.607 [main] INFO  com.excilys.formation.persistence.ConnectionDB - ConnectionDB instantiated
2017-03-17 10:09:24.618 [main] INFO  com.excilys.formation.persistence.CompanyDAO - Companies selected
2017-03-17 10:09:24.640 [main] INFO  com.excilys.formation.persistence.CompanyDAO - Company 1 selected
2017-03-17 10:09:24.640 [main] INFO  com.excilys.formation.persistence.CompanyDAO - Company 1 selected
2017-03-17 10:10:14.913 [main] INFO  com.excilys.formation.persistence.ConnectionDB - ConnectionDB instantiated
2017-03-17 10:10:14.933 [main] INFO  com.excilys.formation.persistence.CompanyDAO - Company 1 selected
2017-03-17 10:10:14.934 [main] INFO  com.excilys.formation.persistence.CompanyDAO - Company 1 selected
2017-03-17 10:10:14.937 [main] INFO  com.excilys.formation.persistence.CompanyDAO - Companies selected
2017-03-17 10:10:43.802 [main] INFO  com.excilys.formation.persistence.ConnectionDB - ConnectionDB instantiated
2017-03-17 10:10:43.819 [main] INFO  com.excilys.formation.persistence.CompanyDAO - Company 1 selected
2017-03-17 10:10:43.820 [main] INFO  com.excilys.formation.persistence.CompanyDAO - Company 1 selected
2017-03-17 10:10:43.822 [main] INFO  com.excilys.formation.persistence.CompanyDAO - Companies selected
2017-03-17 10:28:14.535 [main] INFO  com.excilys.formation.persistence.ConnectionDB - ConnectionDB instantiated
2017-03-17 10:28:14.569 [main] ERROR com.excilys.formation.persistence.ComputerDAO - Computer not created
2017-03-17 10:28:33.776 [main] INFO  com.excilys.formation.persistence.ConnectionDB - ConnectionDB instantiated
2017-03-17 10:28:33.797 [main] INFO  com.excilys.formation.persistence.ComputerDAO - Computer 574 selected 
2017-03-17 10:28:33.799 [main] INFO  com.excilys.formation.persistence.ComputerDAO - Computer 574 selected 
2017-03-17 10:28:33.800 [main] INFO  com.excilys.formation.persistence.ComputerDAO - Computer 574 selected 
2017-03-17 10:28:33.801 [main] INFO  com.excilys.formation.persistence.ComputerDAO - Computer 574 selected 
2017-03-17 10:28:33.814 [main] ERROR com.excilys.formation.persistence.ComputerDAO - Computer not created
2017-03-17 10:29:38.905 [main] INFO  com.excilys.formation.persistence.ConnectionDB - ConnectionDB instantiated
2017-03-17 10:29:38.939 [main] ERROR com.excilys.formation.persistence.ComputerDAO - Computer not created
2017-03-17 10:48:20.919 [main] INFO  com.excilys.formation.persistence.ConnectionDB - ConnectionDB instantiated
2017-03-17 10:48:20.942 [main] INFO  com.excilys.formation.persistence.ComputerDAO - Computer 574 selected 
2017-03-17 10:48:20.943 [main] INFO  com.excilys.formation.persistence.ComputerDAO - Computer 574 selected 
2017-03-17 10:48:20.944 [main] INFO  com.excilys.formation.persistence.ComputerDAO - Computer 574 selected 
2017-03-17 10:48:20.945 [main] INFO  com.excilys.formation.persistence.ComputerDAO - Computer 574 selected 
2017-03-17 10:48:20.963 [main] ERROR com.excilys.formation.persistence.ComputerDAO - Computer not created
2017-03-17 10:49:48.540 [main] INFO  com.excilys.formation.persistence.ConnectionDB - ConnectionDB instantiated
2017-03-17 10:49:48.572 [main] ERROR com.excilys.formation.persistence.ComputerDAO - Computer not created
2017-03-17 10:50:41.178 [main] INFO  com.excilys.formation.persistence.ConnectionDB - ConnectionDB instantiated
2017-03-17 10:50:41.199 [main] INFO  com.excilys.formation.persistence.ComputerDAO - Computer 574 selected 
2017-03-17 10:50:41.200 [main] INFO  com.excilys.formation.persistence.ComputerDAO - Computer 574 selected 
2017-03-17 10:50:41.201 [main] INFO  com.excilys.formation.persistence.ComputerDAO - Computer 574 selected 
2017-03-17 10:50:41.202 [main] INFO  com.excilys.formation.persistence.ComputerDAO - Computer 574 selected 
2017-03-17 10:50:41.216 [main] ERROR com.excilys.formation.persistence.ComputerDAO - Computer not created
2017-03-17 10:51:24.915 [main] INFO  com.excilys.formation.persistence.ConnectionDB - ConnectionDB instantiated
2017-03-17 10:51:24.938 [main] INFO  com.excilys.formation.persistence.ComputerDAO - Computer 574 selected 
2017-03-17 10:51:24.939 [main] INFO  com.excilys.formation.persistence.ComputerDAO - Computer 574 selected 
2017-03-17 10:51:24.940 [main] INFO  com.excilys.formation.persistence.ComputerDAO - Computer 574 selected 
2017-03-17 10:51:24.941 [main] INFO  com.excilys.formation.persistence.ComputerDAO - Computer 574 selected 
2017-03-17 10:51:24.955 [main] ERROR com.excilys.formation.persistence.ComputerDAO - Computer not created
2017-03-17 10:51:31.746 [main] INFO  com.excilys.formation.persistence.ConnectionDB - ConnectionDB instantiated
2017-03-17 10:51:31.775 [main] ERROR com.excilys.formation.persistence.ComputerDAO - Computer not created
2017-03-17 10:52:08.247 [main] INFO  com.excilys.formation.persistence.ConnectionDB - ConnectionDB instantiated
2017-03-17 10:52:08.342 [main] INFO  com.excilys.formation.persistence.ComputerDAO - Computer 583 created
2017-03-17 10:52:08.344 [main] INFO  com.excilys.formation.persistence.ComputerDAO - Computer 583 selected 
2017-03-17 10:52:08.350 [main] INFO  com.excilys.formation.persistence.ComputerDAO - Computer 583 updated 
2017-03-17 10:52:08.351 [main] INFO  com.excilys.formation.persistence.ComputerDAO - Computer 583 selected 
2017-03-17 10:52:08.352 [main] INFO  com.excilys.formation.persistence.ComputerDAO - Computer 583 selected 
2017-03-17 10:52:08.358 [main] INFO  com.excilys.formation.persistence.ComputerDAO - Computer 583 deleted
2017-03-17 10:52:08.365 [main] INFO  com.excilys.formation.persistence.ComputerDAO - Computer 584 created
2017-03-17 10:52:08.366 [main] INFO  com.excilys.formation.persistence.ComputerDAO - Computer 584 selected 
2017-03-17 10:52:08.367 [main] INFO  com.excilys.formation.persistence.ComputerDAO - Computer 584 selected 
2017-03-17 10:52:08.373 [main] INFO  com.excilys.formation.persistence.ComputerDAO - Computer 584 deleted
2017-03-17 10:52:08.374 [main] INFO  com.excilys.formation.persistence.ComputerDAO - Computer 574 selected 
2017-03-17 10:52:08.375 [main] INFO  com.excilys.formation.persistence.ComputerDAO - Computer 574 selected 
2017-03-17 10:52:08.376 [main] INFO  com.excilys.formation.persistence.ComputerDAO - Computer 574 selected 
2017-03-17 10:52:08.377 [main] INFO  com.excilys.formation.persistence.ComputerDAO - Computer 574 selected 
2017-03-17 11:02:39.318 [main] INFO  com.excilys.formation.persistence.ConnectionDB - ConnectionDB instantiated
2017-03-17 11:02:39.409 [main] INFO  com.excilys.formation.persistence.ComputerDAO - Computer 585 created
2017-03-17 11:02:39.411 [main] INFO  com.excilys.formation.persistence.ComputerDAO - Computer 585 selected 
2017-03-17 11:02:39.412 [main] INFO  com.excilys.formation.persistence.ComputerDAO - Computer 585 selected 
2017-03-17 11:02:39.418 [main] INFO  com.excilys.formation.persistence.ComputerDAO - Computer 585 deleted
2017-03-17 11:02:39.420 [main] INFO  com.excilys.formation.persistence.ComputerDAO - Computer 574 selected 
2017-03-17 11:02:39.421 [main] INFO  com.excilys.formation.persistence.ComputerDAO - Computer 574 selected 
2017-03-17 11:02:39.422 [main] INFO  com.excilys.formation.persistence.ComputerDAO - Computer 574 selected 
2017-03-17 11:02:39.422 [main] INFO  com.excilys.formation.persistence.ComputerDAO - Computer 574 selected 
2017-03-17 11:02:39.436 [main] ERROR com.excilys.formation.persistence.ComputerDAO - Computer not created
2017-03-17 11:03:42.042 [main] INFO  com.excilys.formation.persistence.ConnectionDB - ConnectionDB instantiated
2017-03-17 11:03:42.064 [main] INFO  com.excilys.formation.persistence.ComputerDAO - Computer 574 selected 
2017-03-17 11:03:42.066 [main] INFO  com.excilys.formation.persistence.ComputerDAO - Computer 574 selected 
2017-03-17 11:03:42.066 [main] INFO  com.excilys.formation.persistence.ComputerDAO - Computer 574 selected 
2017-03-17 11:03:42.067 [main] INFO  com.excilys.formation.persistence.ComputerDAO - Computer 574 selected 
2017-03-17 11:03:42.085 [main] ERROR com.excilys.formation.persistence.ComputerDAO - Computer not created
2017-03-17 11:05:13.198 [main] INFO  com.excilys.formation.persistence.ConnectionDB - ConnectionDB instantiated
2017-03-17 11:05:13.222 [main] INFO  com.excilys.formation.persistence.ComputerDAO - Computer 574 selected 
2017-03-17 11:05:13.223 [main] INFO  com.excilys.formation.persistence.ComputerDAO - Computer 574 selected 
2017-03-17 11:05:13.225 [main] INFO  com.excilys.formation.persistence.ComputerDAO - Computer 574 selected 
2017-03-17 11:05:13.226 [main] INFO  com.excilys.formation.persistence.ComputerDAO - Computer 574 selected 
2017-03-17 11:05:13.239 [main] ERROR com.excilys.formation.persistence.ComputerDAO - Computer not created
2017-03-17 11:06:03.263 [main] INFO  com.excilys.formation.persistence.ConnectionDB - ConnectionDB instantiated
2017-03-17 11:06:03.288 [main] INFO  com.excilys.formation.persistence.ComputerDAO - Computer 574 selected 
2017-03-17 11:06:03.289 [main] INFO  com.excilys.formation.persistence.ComputerDAO - Computer 574 selected 
2017-03-17 11:06:03.290 [main] INFO  com.excilys.formation.persistence.ComputerDAO - Computer 574 selected 
2017-03-17 11:06:03.291 [main] INFO  com.excilys.formation.persistence.ComputerDAO - Computer 574 selected 
2017-03-17 11:06:03.303 [main] ERROR com.excilys.formation.persistence.ComputerDAO - Computer not created
2017-03-17 11:06:42.248 [main] INFO  com.excilys.formation.persistence.ConnectionDB - ConnectionDB instantiated
2017-03-17 11:06:42.270 [main] INFO  com.excilys.formation.persistence.ComputerDAO - Computer 590 created
2017-03-17 11:06:42.271 [main] INFO  com.excilys.formation.persistence.ComputerDAO - Computer 590 selected 
2017-03-17 11:06:42.273 [main] INFO  com.excilys.formation.persistence.ComputerDAO - Computer 590 deleted
2017-03-17 11:06:42.368 [main] INFO  com.excilys.formation.persistence.ComputerDAO - Computer 591 created
2017-03-17 11:06:42.374 [main] INFO  com.excilys.formation.persistence.ComputerDAO - Computer 591 selected 
2017-03-17 11:06:42.380 [main] INFO  com.excilys.formation.persistence.ComputerDAO - Computer 591 updated 
2017-03-17 11:06:42.381 [main] INFO  com.excilys.formation.persistence.ComputerDAO - Computer 591 selected 
2017-03-17 11:06:42.382 [main] INFO  com.excilys.formation.persistence.ComputerDAO - Computer 591 selected 
2017-03-17 11:06:42.388 [main] INFO  com.excilys.formation.persistence.ComputerDAO - Computer 591 deleted
2017-03-17 11:06:42.394 [main] INFO  com.excilys.formation.persistence.ComputerDAO - Computer 592 created
2017-03-17 11:06:42.396 [main] INFO  com.excilys.formation.persistence.ComputerDAO - Computer 592 selected 
2017-03-17 11:06:42.397 [main] INFO  com.excilys.formation.persistence.ComputerDAO - Computer 592 selected 
2017-03-17 11:06:42.403 [main] INFO  com.excilys.formation.persistence.ComputerDAO - Computer 592 deleted
2017-03-17 11:06:42.404 [main] INFO  com.excilys.formation.persistence.ComputerDAO - Computer 574 selected 
2017-03-17 11:06:42.406 [main] INFO  com.excilys.formation.persistence.ComputerDAO - Computer 574 selected 
2017-03-17 11:06:42.407 [main] INFO  com.excilys.formation.persistence.ComputerDAO - Computer 574 selected 
2017-03-17 11:06:42.408 [main] INFO  com.excilys.formation.persistence.ComputerDAO - Computer 574 selected 
2017-03-17 11:41:49.927 [main] INFO  com.excilys.formation.persistence.ConnectionDB - ConnectionDB instantiated
2017-03-17 11:41:52.252 [main] INFO  com.excilys.formation.persistence.ComputerDAO - Computers selected 
2017-03-17 11:41:52.255 [main] INFO  com.excilys.formation.persistence.CompanyDAO - Company 41 selected
2017-03-17 11:41:52.257 [main] INFO  com.excilys.formation.persistence.CompanyDAO - Company 42 selected
2017-03-17 11:41:52.258 [main] INFO  com.excilys.formation.persistence.CompanyDAO - Company 42 selected
2017-03-17 11:41:52.259 [main] INFO  com.excilys.formation.persistence.CompanyDAO - Company 43 selected
2017-03-17 11:49:52.314 [main] INFO  com.excilys.formation.persistence.ConnectionDB - ConnectionDB instantiated
2017-03-17 11:49:53.940 [main] INFO  com.excilys.formation.persistence.ComputerDAO - Computers selected 
2017-03-17 11:49:53.943 [main] INFO  com.excilys.formation.persistence.CompanyDAO - Company 0 selected
2017-03-17 11:49:53.945 [main] INFO  com.excilys.formation.persistence.CompanyDAO - Company 0 selected
2017-03-17 11:49:53.946 [main] INFO  com.excilys.formation.persistence.CompanyDAO - Company 0 selected
2017-03-17 11:49:53.946 [main] INFO  com.excilys.formation.persistence.CompanyDAO - Company 0 selected
2017-03-17 11:49:53.947 [main] INFO  com.excilys.formation.persistence.CompanyDAO - Company 0 selected
2017-03-17 11:49:53.952 [main] INFO  com.excilys.formation.persistence.CompanyDAO - Company 0 selected
2017-03-17 11:49:53.953 [main] INFO  com.excilys.formation.persistence.CompanyDAO - Company 0 selected
2017-03-17 11:49:53.953 [main] INFO  com.excilys.formation.persistence.CompanyDAO - Company 0 selected
2017-03-17 11:49:53.954 [main] INFO  com.excilys.formation.persistence.CompanyDAO - Company 0 selected
2017-03-17 11:49:53.954 [main] INFO  com.excilys.formation.persistence.CompanyDAO - Company 0 selected
2017-03-17 11:49:56.030 [main] INFO  com.excilys.formation.persistence.ComputerDAO - Computers selected 
2017-03-17 11:49:56.030 [main] INFO  com.excilys.formation.persistence.CompanyDAO - Company 0 selected
2017-03-17 11:49:56.032 [main] INFO  com.excilys.formation.persistence.CompanyDAO - Company 0 selected
2017-03-17 11:49:56.033 [main] INFO  com.excilys.formation.persistence.CompanyDAO - Company 0 selected
2017-03-17 11:49:56.033 [main] INFO  com.excilys.formation.persistence.CompanyDAO - Company 0 selected
2017-03-17 11:49:56.033 [main] INFO  com.excilys.formation.persistence.CompanyDAO - Company 0 selected
2017-03-17 11:49:56.034 [main] INFO  com.excilys.formation.persistence.CompanyDAO - Company 0 selected
2017-03-17 11:49:56.034 [main] INFO  com.excilys.formation.persistence.CompanyDAO - Company 0 selected
2017-03-17 11:49:56.035 [main] INFO  com.excilys.formation.persistence.CompanyDAO - Company 0 selected
2017-03-17 11:49:56.035 [main] INFO  com.excilys.formation.persistence.CompanyDAO - Company 0 selected
2017-03-17 11:49:56.035 [main] INFO  com.excilys.formation.persistence.CompanyDAO - Company 0 selected
2017-03-17 11:50:10.909 [main] INFO  com.excilys.formation.persistence.ComputerDAO - Computers selected 
2017-03-17 11:50:10.910 [main] INFO  com.excilys.formation.persistence.CompanyDAO - Company 0 selected
2017-03-17 11:50:10.910 [main] INFO  com.excilys.formation.persistence.CompanyDAO - Company 0 selected
2017-03-17 11:50:10.911 [main] INFO  com.excilys.formation.persistence.CompanyDAO - Company 0 selected
2017-03-17 11:50:10.911 [main] INFO  com.excilys.formation.persistence.CompanyDAO - Company 0 selected
2017-03-17 11:50:10.911 [main] INFO  com.excilys.formation.persistence.CompanyDAO - Company 0 selected
2017-03-17 11:50:10.912 [main] INFO  com.excilys.formation.persistence.CompanyDAO - Company 0 selected
2017-03-17 11:50:10.912 [main] INFO  com.excilys.formation.persistence.CompanyDAO - Company 0 selected
2017-03-17 11:50:10.913 [main] INFO  com.excilys.formation.persistence.CompanyDAO - Company 0 selected
2017-03-17 11:50:10.913 [main] INFO  com.excilys.formation.persistence.CompanyDAO - Company 0 selected
2017-03-17 11:50:10.913 [main] INFO  com.excilys.formation.persistence.CompanyDAO - Company 0 selected
2017-03-17 11:50:16.549 [main] INFO  com.excilys.formation.persistence.ComputerDAO - Computers selected 
2017-03-17 11:50:16.549 [main] INFO  com.excilys.formation.persistence.CompanyDAO - Company 0 selected
2017-03-17 11:50:16.550 [main] INFO  com.excilys.formation.persistence.CompanyDAO - Company 0 selected
2017-03-17 11:50:16.550 [main] INFO  com.excilys.formation.persistence.CompanyDAO - Company 0 selected
2017-03-17 11:50:16.550 [main] INFO  com.excilys.formation.persistence.CompanyDAO - Company 0 selected
2017-03-17 11:50:16.551 [main] INFO  com.excilys.formation.persistence.CompanyDAO - Company 0 selected
2017-03-17 11:50:16.551 [main] INFO  com.excilys.formation.persistence.CompanyDAO - Company 0 selected
2017-03-17 11:50:16.552 [main] INFO  com.excilys.formation.persistence.CompanyDAO - Company 0 selected
2017-03-17 11:50:16.552 [main] INFO  com.excilys.formation.persistence.CompanyDAO - Company 0 selected
2017-03-17 11:50:16.553 [main] INFO  com.excilys.formation.persistence.CompanyDAO - Company 0 selected
2017-03-17 11:50:16.553 [main] INFO  com.excilys.formation.persistence.CompanyDAO - Company 0 selected
2017-03-17 11:50:52.602 [main] INFO  com.excilys.formation.persistence.ConnectionDB - ConnectionDB instantiated
2017-03-17 11:50:54.037 [main] ERROR com.excilys.formation.persistence.ComputerDAO - Computers not found 
2017-03-17 11:51:23.661 [main] ERROR com.excilys.formation.persistence.ComputerDAO - Computers not found 
2017-03-17 11:51:42.308 [main] INFO  com.excilys.formation.persistence.ConnectionDB - ConnectionDB instantiated
2017-03-17 11:51:43.068 [main] ERROR com.excilys.formation.persistence.ComputerDAO - Computers not found 
2017-03-17 11:52:07.322 [main] INFO  com.excilys.formation.persistence.ConnectionDB - ConnectionDB instantiated
2017-03-17 11:52:08.107 [main] INFO  com.excilys.formation.persistence.ComputerDAO - Computers selected 
2017-03-17 11:52:08.110 [main] INFO  com.excilys.formation.persistence.CompanyDAO - Company 30 selected
2017-03-17 11:52:08.111 [main] INFO  com.excilys.formation.persistence.CompanyDAO - Company 0 selected
2017-03-17 11:52:08.112 [main] INFO  com.excilys.formation.persistence.CompanyDAO - Company 0 selected
2017-03-17 11:52:08.112 [main] INFO  com.excilys.formation.persistence.CompanyDAO - Company 0 selected
2017-03-17 11:52:08.113 [main] INFO  com.excilys.formation.persistence.CompanyDAO - Company 10 selected
2017-03-17 11:52:08.118 [main] INFO  com.excilys.formation.persistence.CompanyDAO - Company 10 selected
2017-03-17 11:52:08.118 [main] INFO  com.excilys.formation.persistence.CompanyDAO - Company 10 selected
2017-03-17 11:52:08.119 [main] INFO  com.excilys.formation.persistence.CompanyDAO - Company 10 selected
2017-03-17 11:52:08.120 [main] INFO  com.excilys.formation.persistence.CompanyDAO - Company 10 selected
2017-03-17 11:52:08.120 [main] INFO  com.excilys.formation.persistence.CompanyDAO - Company 10 selected
2017-03-17 11:52:11.045 [main] INFO  com.excilys.formation.persistence.ComputerDAO - Computers selected 
2017-03-17 11:52:11.046 [main] INFO  com.excilys.formation.persistence.CompanyDAO - Company 0 selected
2017-03-17 11:52:11.047 [main] INFO  com.excilys.formation.persistence.CompanyDAO - Company 0 selected
2017-03-17 11:52:11.048 [main] INFO  com.excilys.formation.persistence.CompanyDAO - Company 0 selected
2017-03-17 11:52:11.048 [main] INFO  com.excilys.formation.persistence.CompanyDAO - Company 1 selected
2017-03-17 11:52:11.049 [main] INFO  com.excilys.formation.persistence.CompanyDAO - Company 0 selected
2017-03-17 11:52:11.049 [main] INFO  com.excilys.formation.persistence.CompanyDAO - Company 0 selected
2017-03-17 11:52:11.050 [main] INFO  com.excilys.formation.persistence.CompanyDAO - Company 0 selected
2017-03-17 11:52:11.050 [main] INFO  com.excilys.formation.persistence.CompanyDAO - Company 28 selected
2017-03-17 11:52:11.051 [main] INFO  com.excilys.formation.persistence.CompanyDAO - Company 17 selected
2017-03-17 11:52:11.051 [main] INFO  com.excilys.formation.persistence.CompanyDAO - Company 29 selected
2017-03-17 11:52:20.286 [main] INFO  com.excilys.formation.persistence.ComputerDAO - Computers selected 
2017-03-17 11:52:20.287 [main] INFO  com.excilys.formation.persistence.CompanyDAO - Company 0 selected
2017-03-17 11:52:20.287 [main] INFO  com.excilys.formation.persistence.CompanyDAO - Company 0 selected
2017-03-17 11:52:20.287 [main] INFO  com.excilys.formation.persistence.CompanyDAO - Company 0 selected
2017-03-17 11:52:20.288 [main] INFO  com.excilys.formation.persistence.CompanyDAO - Company 1 selected
2017-03-17 11:52:20.288 [main] INFO  com.excilys.formation.persistence.CompanyDAO - Company 0 selected
2017-03-17 11:52:20.289 [main] INFO  com.excilys.formation.persistence.CompanyDAO - Company 0 selected
2017-03-17 11:52:20.289 [main] INFO  com.excilys.formation.persistence.CompanyDAO - Company 0 selected
2017-03-17 11:52:20.290 [main] INFO  com.excilys.formation.persistence.CompanyDAO - Company 28 selected
2017-03-17 11:52:20.290 [main] INFO  com.excilys.formation.persistence.CompanyDAO - Company 17 selected
2017-03-17 11:52:20.291 [main] INFO  com.excilys.formation.persistence.CompanyDAO - Company 29 selected
2017-03-17 11:52:22.773 [main] INFO  com.excilys.formation.persistence.ComputerDAO - Computers selected 
2017-03-17 11:52:22.773 [main] INFO  com.excilys.formation.persistence.CompanyDAO - Company 30 selected
2017-03-17 11:52:22.774 [main] INFO  com.excilys.formation.persistence.CompanyDAO - Company 0 selected
2017-03-17 11:52:22.774 [main] INFO  com.excilys.formation.persistence.CompanyDAO - Company 0 selected
2017-03-17 11:52:22.774 [main] INFO  com.excilys.formation.persistence.CompanyDAO - Company 0 selected
2017-03-17 11:52:22.775 [main] INFO  com.excilys.formation.persistence.CompanyDAO - Company 10 selected
2017-03-17 11:52:22.776 [main] INFO  com.excilys.formation.persistence.CompanyDAO - Company 10 selected
2017-03-17 11:52:22.776 [main] INFO  com.excilys.formation.persistence.CompanyDAO - Company 10 selected
2017-03-17 11:52:22.776 [main] INFO  com.excilys.formation.persistence.CompanyDAO - Company 10 selected
2017-03-17 11:52:22.777 [main] INFO  com.excilys.formation.persistence.CompanyDAO - Company 10 selected
2017-03-17 11:52:22.777 [main] INFO  com.excilys.formation.persistence.CompanyDAO - Company 10 selected
2017-03-17 11:54:09.887 [main] INFO  com.excilys.formation.persistence.ConnectionDB - ConnectionDB instantiated
2017-03-17 11:54:11.123 [main] INFO  com.excilys.formation.persistence.ComputerDAO - Computers selected 
2017-03-17 11:54:11.125 [main] INFO  com.excilys.formation.persistence.CompanyDAO - Company 30 selected
2017-03-17 11:54:11.127 [main] INFO  com.excilys.formation.persistence.CompanyDAO - Company 0 selected
2017-03-17 11:54:11.128 [main] INFO  com.excilys.formation.persistence.CompanyDAO - Company 0 selected
2017-03-17 11:54:11.128 [main] INFO  com.excilys.formation.persistence.CompanyDAO - Company 0 selected
2017-03-17 11:54:11.129 [main] INFO  com.excilys.formation.persistence.CompanyDAO - Company 10 selected
2017-03-17 11:54:11.134 [main] INFO  com.excilys.formation.persistence.CompanyDAO - Company 10 selected
2017-03-17 11:54:11.135 [main] INFO  com.excilys.formation.persistence.CompanyDAO - Company 10 selected
2017-03-17 11:54:11.135 [main] INFO  com.excilys.formation.persistence.CompanyDAO - Company 10 selected
2017-03-17 11:54:11.136 [main] INFO  com.excilys.formation.persistence.CompanyDAO - Company 10 selected
2017-03-17 11:54:11.136 [main] INFO  com.excilys.formation.persistence.CompanyDAO - Company 10 selected
2017-03-17 11:54:13.109 [main] INFO  com.excilys.formation.persistence.ComputerDAO - Computers selected 
2017-03-17 11:54:13.110 [main] INFO  com.excilys.formation.persistence.CompanyDAO - Company 0 selected
2017-03-17 11:54:13.111 [main] INFO  com.excilys.formation.persistence.CompanyDAO - Company 0 selected
2017-03-17 11:54:13.112 [main] INFO  com.excilys.formation.persistence.CompanyDAO - Company 0 selected
2017-03-17 11:54:13.112 [main] INFO  com.excilys.formation.persistence.CompanyDAO - Company 1 selected
2017-03-17 11:54:13.113 [main] INFO  com.excilys.formation.persistence.CompanyDAO - Company 0 selected
2017-03-17 11:54:13.113 [main] INFO  com.excilys.formation.persistence.CompanyDAO - Company 0 selected
2017-03-17 11:54:13.114 [main] INFO  com.excilys.formation.persistence.CompanyDAO - Company 0 selected
2017-03-17 11:54:13.114 [main] INFO  com.excilys.formation.persistence.CompanyDAO - Company 28 selected
2017-03-17 11:54:13.115 [main] INFO  com.excilys.formation.persistence.CompanyDAO - Company 17 selected
2017-03-17 11:54:13.115 [main] INFO  com.excilys.formation.persistence.CompanyDAO - Company 29 selected
2017-03-17 11:54:37.836 [main] INFO  com.excilys.formation.persistence.ConnectionDB - ConnectionDB instantiated
2017-03-17 11:54:39.468 [main] INFO  com.excilys.formation.persistence.ComputerDAO - Computers selected 
2017-03-17 11:54:39.471 [main] INFO  com.excilys.formation.persistence.CompanyDAO - Company 30 selected
2017-03-17 11:54:39.473 [main] INFO  com.excilys.formation.persistence.CompanyDAO - Company 0 selected
2017-03-17 11:54:39.474 [main] INFO  com.excilys.formation.persistence.CompanyDAO - Company 0 selected
2017-03-17 11:54:39.474 [main] INFO  com.excilys.formation.persistence.CompanyDAO - Company 0 selected
2017-03-17 11:54:39.475 [main] INFO  com.excilys.formation.persistence.CompanyDAO - Company 10 selected
2017-03-17 11:54:39.480 [main] INFO  com.excilys.formation.persistence.CompanyDAO - Company 10 selected
2017-03-17 11:54:39.481 [main] INFO  com.excilys.formation.persistence.CompanyDAO - Company 10 selected
2017-03-17 11:54:39.482 [main] INFO  com.excilys.formation.persistence.CompanyDAO - Company 10 selected
2017-03-17 11:54:39.482 [main] INFO  com.excilys.formation.persistence.CompanyDAO - Company 10 selected
2017-03-17 11:54:39.483 [main] INFO  com.excilys.formation.persistence.CompanyDAO - Company 10 selected
2017-03-17 11:54:40.510 [main] INFO  com.excilys.formation.persistence.ComputerDAO - Computers selected 
2017-03-17 11:54:40.511 [main] INFO  com.excilys.formation.persistence.CompanyDAO - Company 10 selected
2017-03-17 11:54:40.513 [main] INFO  com.excilys.formation.persistence.CompanyDAO - Company 10 selected
2017-03-17 11:54:40.514 [main] INFO  com.excilys.formation.persistence.CompanyDAO - Company 10 selected
2017-03-17 11:54:40.515 [main] INFO  com.excilys.formation.persistence.CompanyDAO - Company 10 selected
2017-03-17 11:54:40.515 [main] INFO  com.excilys.formation.persistence.CompanyDAO - Company 10 selected
2017-03-17 11:54:40.516 [main] INFO  com.excilys.formation.persistence.CompanyDAO - Company 10 selected
2017-03-17 11:54:40.517 [main] INFO  com.excilys.formation.persistence.CompanyDAO - Company 10 selected
2017-03-17 11:54:40.518 [main] INFO  com.excilys.formation.persistence.CompanyDAO - Company 31 selected
2017-03-17 11:54:40.518 [main] INFO  com.excilys.formation.persistence.CompanyDAO - Company 31 selected
2017-03-17 11:54:40.519 [main] INFO  com.excilys.formation.persistence.CompanyDAO - Company 32 selected
2017-03-17 11:55:21.547 [main] INFO  com.excilys.formation.persistence.ConnectionDB - ConnectionDB instantiated
2017-03-17 11:55:22.523 [main] INFO  com.excilys.formation.persistence.ComputerDAO - Computers selected 
2017-03-17 11:55:22.525 [main] INFO  com.excilys.formation.persistence.CompanyDAO - Company 30 selected
2017-03-17 11:55:22.527 [main] INFO  com.excilys.formation.persistence.CompanyDAO - Company 0 selected
2017-03-17 11:55:22.527 [main] INFO  com.excilys.formation.persistence.CompanyDAO - Company 0 selected
2017-03-17 11:55:22.528 [main] INFO  com.excilys.formation.persistence.CompanyDAO - Company 0 selected
2017-03-17 11:55:22.529 [main] INFO  com.excilys.formation.persistence.CompanyDAO - Company 10 selected
2017-03-17 11:55:22.533 [main] INFO  com.excilys.formation.persistence.CompanyDAO - Company 10 selected
2017-03-17 11:55:22.534 [main] INFO  com.excilys.formation.persistence.CompanyDAO - Company 10 selected
2017-03-17 11:55:22.535 [main] INFO  com.excilys.formation.persistence.CompanyDAO - Company 10 selected
2017-03-17 11:55:22.535 [main] INFO  com.excilys.formation.persistence.CompanyDAO - Company 10 selected
2017-03-17 11:55:22.536 [main] INFO  com.excilys.formation.persistence.CompanyDAO - Company 10 selected
2017-03-17 11:55:23.773 [main] INFO  com.excilys.formation.persistence.ComputerDAO - Computers selected 
2017-03-17 11:55:23.774 [main] INFO  com.excilys.formation.persistence.CompanyDAO - Company 0 selected
2017-03-17 11:55:23.775 [main] INFO  com.excilys.formation.persistence.CompanyDAO - Company 0 selected
2017-03-17 11:55:23.776 [main] INFO  com.excilys.formation.persistence.CompanyDAO - Company 0 selected
2017-03-17 11:55:23.777 [main] INFO  com.excilys.formation.persistence.CompanyDAO - Company 1 selected
2017-03-17 11:55:23.777 [main] INFO  com.excilys.formation.persistence.CompanyDAO - Company 0 selected
2017-03-17 11:55:23.778 [main] INFO  com.excilys.formation.persistence.CompanyDAO - Company 0 selected
2017-03-17 11:55:23.778 [main] INFO  com.excilys.formation.persistence.CompanyDAO - Company 0 selected
2017-03-17 11:55:23.779 [main] INFO  com.excilys.formation.persistence.CompanyDAO - Company 28 selected
2017-03-17 11:55:23.779 [main] INFO  com.excilys.formation.persistence.CompanyDAO - Company 17 selected
2017-03-17 11:55:23.780 [main] INFO  com.excilys.formation.persistence.CompanyDAO - Company 29 selected
2017-03-17 11:55:24.941 [main] INFO  com.excilys.formation.persistence.ComputerDAO - Computers selected 
2017-03-17 11:55:24.942 [main] INFO  com.excilys.formation.persistence.CompanyDAO - Company 30 selected
2017-03-17 11:55:24.945 [main] INFO  com.excilys.formation.persistence.CompanyDAO - Company 0 selected
2017-03-17 11:55:24.945 [main] INFO  com.excilys.formation.persistence.CompanyDAO - Company 0 selected
2017-03-17 11:55:24.946 [main] INFO  com.excilys.formation.persistence.CompanyDAO - Company 0 selected
2017-03-17 11:55:24.946 [main] INFO  com.excilys.formation.persistence.CompanyDAO - Company 10 selected
2017-03-17 11:55:24.947 [main] INFO  com.excilys.formation.persistence.CompanyDAO - Company 10 selected
2017-03-17 11:55:24.948 [main] INFO  com.excilys.formation.persistence.CompanyDAO - Company 10 selected
2017-03-17 11:55:24.948 [main] INFO  com.excilys.formation.persistence.CompanyDAO - Company 10 selected
2017-03-17 11:55:24.949 [main] INFO  com.excilys.formation.persistence.CompanyDAO - Company 10 selected
2017-03-17 11:55:24.950 [main] INFO  com.excilys.formation.persistence.CompanyDAO - Company 10 selected
2017-03-17 11:55:43.301 [main] INFO  com.excilys.formation.persistence.ComputerDAO - Computers selected 
2017-03-17 11:55:43.302 [main] INFO  com.excilys.formation.persistence.CompanyDAO - Company 36 selected
2017-03-17 11:55:43.302 [main] INFO  com.excilys.formation.persistence.CompanyDAO - Company 0 selected
2017-03-17 11:55:43.303 [main] INFO  com.excilys.formation.persistence.CompanyDAO - Company 0 selected
2017-03-17 11:55:43.303 [main] INFO  com.excilys.formation.persistence.CompanyDAO - Company 1 selected
2017-03-17 11:55:44.797 [main] INFO  com.excilys.formation.persistence.ComputerDAO - Computers selected 
2017-03-17 11:55:46.989 [main] INFO  com.excilys.formation.persistence.ComputerDAO - Computers selected 
2017-03-17 11:55:47.997 [main] INFO  com.excilys.formation.persistence.ComputerDAO - Computers selected 
